<?xml version="1.0" encoding="UTF-8"?>
<!-- Generated by org.testng.reporters.JUnitReportReporter -->
<testsuite hostname="Sudur" failures="0" tests="1" name="com.gcr.scripts.TC2" time="4.465" errors="0" timestamp="2022-12-05T20:32:05 IST" skipped="0">
  <testcase classname="com.gcr.scripts.TC2" name="Login_LogoutTestCaseExcel" time="4.465"/>
  <system-out/>
</testsuite> <!-- com.gcr.scripts.TC2 -->
