<?xml version="1.0" encoding="UTF-8"?>
<!-- Generated by org.testng.reporters.JUnitReportReporter -->
<testsuite hostname="Sudur" failures="0" tests="1" name="com.gcr.scripts.TC4" time="5.756" errors="0" timestamp="2022-12-12T20:16:52 IST" skipped="0">
  <testcase classname="com.gcr.scripts.TC4" name="LoginLogout_WebShop" time="5.756"/>
  <system-out/>
</testsuite> <!-- com.gcr.scripts.TC4 -->
